2021-04-14 01:18:27,790 INFO o.a.j.u.JMeterUtils: Setting Locale to en_EN
2021-04-14 01:18:27,809 INFO o.a.j.JMeter: Loading user properties from: C:\Users\Administrator\Downloads\jmeter\RESTApiAutomation-master\resources\apache-jmeter-5.4.1\bin\user.properties
2021-04-14 01:18:27,810 INFO o.a.j.JMeter: Loading system properties from: C:\Users\Administrator\Downloads\jmeter\RESTApiAutomation-master\resources\apache-jmeter-5.4.1\bin\system.properties
2021-04-14 01:18:27,810 INFO o.a.j.JMeter: Setting JMeter property: jmeter.save.saveservice.output_format=xml
2021-04-14 01:18:27,810 INFO o.a.j.JMeter: Setting JMeter property: jmeter.save.saveservice.assertion_results=all
2021-04-14 01:18:27,810 INFO o.a.j.JMeter: Setting JMeter property: jmeter.save.saveservice.response_code=true
2021-04-14 01:18:27,811 INFO o.a.j.JMeter: Setting JMeter property: jmeter.save.saveservice.response_data=true
2021-04-14 01:18:27,811 INFO o.a.j.JMeter: Setting JMeter property: jmeter.save.saveservice.response_message=true
2021-04-14 01:18:27,811 INFO o.a.j.JMeter: Setting JMeter property: jmeter.save.saveservice.subresults=true
2021-04-14 01:18:27,811 INFO o.a.j.JMeter: Setting JMeter property: jmeter.save.saveservice.assertions=true
2021-04-14 01:18:27,811 INFO o.a.j.JMeter: Setting JMeter property: jmeter.save.saveservice.samplerData=true
2021-04-14 01:18:27,811 INFO o.a.j.JMeter: Setting JMeter property: jmeter.save.saveservice.responseHeaders=true
2021-04-14 01:18:27,811 INFO o.a.j.JMeter: Setting JMeter property: jmeter.save.saveservice.requestHeaders=true
2021-04-14 01:18:27,811 INFO o.a.j.JMeter: Setting JMeter property: jmeter.save.saveservice.url=true
2021-04-14 01:18:27,811 INFO o.a.j.JMeter: Loading additional properties from: C:\Users\Administrator\Downloads\jmeter\RESTApiAutomation-master\resourcesJMX_Modules/properties/automation_staging.properties
2021-04-14 01:18:27,812 WARN o.a.j.JMeter: Can't find additional property file: C:\Users\Administrator\Downloads\jmeter\RESTApiAutomation-master\resourcesJMX_Modules/properties/automation_staging.properties
java.io.FileNotFoundException: C:\Users\Administrator\Downloads\jmeter\RESTApiAutomation-master\resourcesJMX_Modules\properties\automation_staging.properties (The system cannot find the path specified)
	at java.io.FileInputStream.open0(Native Method) ~[?:?]
	at java.io.FileInputStream.open(FileInputStream.java:211) ~[?:?]
	at java.io.FileInputStream.<init>(FileInputStream.java:153) ~[?:?]
	at org.apache.jmeter.JMeter.initializeProperties(JMeter.java:867) [ApacheJMeter_core.jar:5.4.1]
	at org.apache.jmeter.JMeter.start(JMeter.java:474) [ApacheJMeter_core.jar:5.4.1]
	at jdk.internal.reflect.NativeMethodAccessorImpl.invoke0(Native Method) ~[?:?]
	at jdk.internal.reflect.NativeMethodAccessorImpl.invoke(NativeMethodAccessorImpl.java:64) ~[?:?]
	at jdk.internal.reflect.DelegatingMethodAccessorImpl.invoke(DelegatingMethodAccessorImpl.java:43) ~[?:?]
	at java.lang.reflect.Method.invoke(Method.java:564) ~[?:?]
	at org.apache.jmeter.NewDriver.main(NewDriver.java:254) [ApacheJMeter.jar:5.4.1]
2021-04-14 01:18:27,821 INFO o.a.j.JMeter: Setting JMeter property: resourceDir=C:\Users\Administrator\Downloads\jmeter\RESTApiAutomation-master\resources
2021-04-14 01:18:27,821 INFO o.a.j.JMeter: Setting JMeter property: baseUrl=null
2021-04-14 01:18:27,821 INFO o.a.j.JMeter: Setting JMeter property: email=null
2021-04-14 01:18:27,821 INFO o.a.j.JMeter: Setting JMeter property: pwd=null
2021-04-14 01:18:27,827 INFO o.a.j.JMeter: Copyright (c) 1998-2021 The Apache Software Foundation
2021-04-14 01:18:27,827 INFO o.a.j.JMeter: Version 5.4.1
2021-04-14 01:18:27,827 INFO o.a.j.JMeter: java.version=15.0.2
2021-04-14 01:18:27,827 INFO o.a.j.JMeter: java.vm.name=OpenJDK 64-Bit Server VM
2021-04-14 01:18:27,827 INFO o.a.j.JMeter: os.name=Windows 10
2021-04-14 01:18:27,827 INFO o.a.j.JMeter: os.arch=amd64
2021-04-14 01:18:27,828 INFO o.a.j.JMeter: os.version=10.0
2021-04-14 01:18:27,828 INFO o.a.j.JMeter: file.encoding=Cp1252
2021-04-14 01:18:27,828 INFO o.a.j.JMeter: java.awt.headless=true
2021-04-14 01:18:27,828 INFO o.a.j.JMeter: Max memory     =1073741824
2021-04-14 01:18:27,828 INFO o.a.j.JMeter: Available Processors =8
2021-04-14 01:18:27,839 INFO o.a.j.JMeter: Default Locale=English (EN)
2021-04-14 01:18:27,839 INFO o.a.j.JMeter: JMeter  Locale=English (EN)
2021-04-14 01:18:27,839 INFO o.a.j.JMeter: JMeterHome=C:\Users\Administrator\Downloads\jmeter\RESTApiAutomation-master\resources\apache-jmeter-5.4.1
2021-04-14 01:18:27,839 INFO o.a.j.JMeter: user.dir  =C:\Users\Administrator\Downloads\jmeter\RESTApiAutomation-master
2021-04-14 01:18:27,840 INFO o.a.j.JMeter: PWD       =C:\Users\Administrator\Downloads\jmeter\RESTApiAutomation-master
2021-04-14 01:18:27,844 INFO o.a.j.JMeter: IP: 192.168.1.147 Name: LAPTOP-UBC5B3VU FullName: LAPTOP-UBC5B3VU.attlocal.net
2021-04-14 01:18:27,852 INFO o.a.j.s.FileServer: Default base='C:\Users\Administrator\Downloads\jmeter\RESTApiAutomation-master'
2021-04-14 01:18:27,852 INFO o.a.j.s.FileServer: Set new base='C:\Users\Administrator\Downloads\jmeter\RESTApiAutomation-master\resources\JMX_Modules\login'
2021-04-14 01:18:27,999 INFO o.a.j.s.SaveService: Testplan (JMX) version: 2.2. Testlog (JTL) version: 2.2
2021-04-14 01:18:28,018 INFO o.a.j.s.SaveService: Using SaveService properties version 5.0
2021-04-14 01:18:28,021 INFO o.a.j.s.SaveService: Using SaveService properties file encoding UTF-8
2021-04-14 01:18:28,023 INFO o.a.j.s.SaveService: Loading file: C:\Users\Administrator\Downloads\jmeter\RESTApiAutomation-master\resources\JMX_Modules\login\loginTest.jmx
2021-04-14 01:18:28,064 INFO o.a.j.p.h.s.HTTPSamplerBase: Parser for text/html is org.apache.jmeter.protocol.http.parser.LagartoBasedHtmlParser
2021-04-14 01:18:28,064 INFO o.a.j.p.h.s.HTTPSamplerBase: Parser for application/xhtml+xml is org.apache.jmeter.protocol.http.parser.LagartoBasedHtmlParser
2021-04-14 01:18:28,064 INFO o.a.j.p.h.s.HTTPSamplerBase: Parser for application/xml is org.apache.jmeter.protocol.http.parser.LagartoBasedHtmlParser
2021-04-14 01:18:28,064 INFO o.a.j.p.h.s.HTTPSamplerBase: Parser for text/xml is org.apache.jmeter.protocol.http.parser.LagartoBasedHtmlParser
2021-04-14 01:18:28,064 INFO o.a.j.p.h.s.HTTPSamplerBase: Parser for text/vnd.wap.wml is org.apache.jmeter.protocol.http.parser.RegexpHTMLParser
2021-04-14 01:18:28,064 INFO o.a.j.p.h.s.HTTPSamplerBase: Parser for text/css is org.apache.jmeter.protocol.http.parser.CssParser
2021-04-14 01:18:28,072 INFO o.a.j.JMeter: Creating summariser <summary>
2021-04-14 01:18:28,080 INFO o.a.j.e.StandardJMeterEngine: Running the test!
2021-04-14 01:18:28,081 INFO o.a.j.s.SampleEvent: List of sample_variables: []
2021-04-14 01:18:28,081 INFO o.a.j.s.SampleEvent: List of sample_variables: []
2021-04-14 01:18:28,086 INFO o.a.j.e.u.CompoundVariable: Note: Function class names must contain the string: '.functions.'
2021-04-14 01:18:28,086 INFO o.a.j.e.u.CompoundVariable: Note: Function class names must not contain the string: '.gui.'
2021-04-14 01:18:28,133 INFO o.a.j.JMeter: Running test (1618381108133)
2021-04-14 01:18:28,143 INFO o.a.j.e.StandardJMeterEngine: Starting ThreadGroup: 1 : Login Thread
2021-04-14 01:18:28,143 INFO o.a.j.e.StandardJMeterEngine: Starting 1 threads for group Login Thread.
2021-04-14 01:18:28,143 INFO o.a.j.e.StandardJMeterEngine: Thread will continue on error
2021-04-14 01:18:28,143 INFO o.a.j.t.ThreadGroup: Starting thread group... number=1 threads=1 ramp-up=1 delayedStart=false
2021-04-14 01:18:28,147 INFO o.a.j.t.ThreadGroup: Started thread group number 1
2021-04-14 01:18:28,147 INFO o.a.j.e.StandardJMeterEngine: All thread groups have been started
2021-04-14 01:18:28,149 INFO o.a.j.t.JMeterThread: Thread started: Login Thread 1-1
2021-04-14 01:18:28,167 INFO o.a.j.p.h.s.HTTPHCAbstractImpl: Local host = LAPTOP-UBC5B3VU
2021-04-14 01:18:28,172 INFO o.a.j.p.h.s.HTTPHC4Impl: HTTP request retry count = 0
2021-04-14 01:18:28,173 INFO o.a.j.s.SampleResult: Note: Sample TimeStamps are START times
2021-04-14 01:18:28,173 INFO o.a.j.s.SampleResult: sampleresult.default.encoding is set to ISO-8859-1
2021-04-14 01:18:28,174 INFO o.a.j.s.SampleResult: sampleresult.useNanoTime=true
2021-04-14 01:18:28,174 INFO o.a.j.s.SampleResult: sampleresult.nanoThreadSleep=5000
2021-04-14 01:18:30,563 INFO o.a.j.r.Summariser: summary +      1 in 00:00:02 =    0.4/s Avg:  2322 Min:  2322 Max:  2322 Err:     1 (100.00%) Active: 1 Started: 1 Finished: 0
2021-04-14 01:18:30,564 INFO o.a.j.t.JMeterThread: Thread is done: Login Thread 1-1
2021-04-14 01:18:30,564 INFO o.a.j.t.JMeterThread: Thread finished: Login Thread 1-1
2021-04-14 01:18:30,565 INFO o.a.j.e.StandardJMeterEngine: Notifying test listeners of end of test
2021-04-14 01:18:30,565 INFO o.a.j.r.Summariser: summary =      1 in 00:00:02 =    0.4/s Avg:  2322 Min:  2322 Max:  2322 Err:     1 (100.00%)
